<?xml version="1.0" encoding="UTF-8"?>
<robot generator="Robot 3.2.2 (Python 3.7.4 on win32)" generated="20210121 16:55:21.614" rpa="false">
<suite id="s1" name="Run" source="C:\Users\findb\OneDrive\Desktop\GitHub\Robotframework\Robot\run.robot">
<test id="s1-t1" name="Login FlowAccount.com">
<kw name="เปิดเว็บ flowaccount.com" library="TestCase_Login">
<kw name="Open Browser" library="Selenium2Library">
<doc>Opens a new browser instance to the optional ``url``.</doc>
<arguments>
<arg>${url}</arg>
<arg>${browser}</arg>
</arguments>
<msg timestamp="20210121 16:55:21.756" level="INFO">Opening browser 'chrome' to base url 'https://flowaccount.com'.</msg>
<status status="PASS" starttime="20210121 16:55:21.756" endtime="20210121 16:55:26.186"></status>
</kw>
<kw name="Maximize Browser Window" library="Selenium2Library">
<doc>Maximizes current browser window.</doc>
<status status="PASS" starttime="20210121 16:55:26.186" endtime="20210121 16:55:28.366"></status>
</kw>
<status status="PASS" starttime="20210121 16:55:21.756" endtime="20210121 16:55:28.366"></status>
</kw>
<kw name="เข้าหน้า Auth Login FlowAccount" library="TestCase_Login">
<kw name="Click Element" library="Selenium2Library">
<doc>Click the element identified by ``locator``.</doc>
<arguments>
<arg>class:app-border-btn</arg>
</arguments>
<msg timestamp="20210121 16:55:28.369" level="INFO">Clicking element 'class:app-border-btn'.</msg>
<status status="PASS" starttime="20210121 16:55:28.367" endtime="20210121 16:55:30.957"></status>
</kw>
<status status="PASS" starttime="20210121 16:55:28.367" endtime="20210121 16:55:30.957"></status>
</kw>
<kw name="เข้าใช้งาน FlowAccount" library="TestCase_Login">
<kw name="Input Text" library="Selenium2Library">
<doc>Types the given ``text`` into the text field identified by ``locator``.</doc>
<arguments>
<arg>id:Email</arg>
<arg>${email}</arg>
</arguments>
<msg timestamp="20210121 16:55:30.960" level="INFO">Typing text 'goodnight@flowaccount.com' into text field 'id:Email'.</msg>
<status status="PASS" starttime="20210121 16:55:30.959" endtime="20210121 16:55:31.053"></status>
</kw>
<kw name="Input Text" library="Selenium2Library">
<doc>Types the given ``text`` into the text field identified by ``locator``.</doc>
<arguments>
<arg>id:Password</arg>
<arg>${password}</arg>
</arguments>
<msg timestamp="20210121 16:55:31.054" level="INFO">Typing text '1q1q1q1q@' into text field 'id:Password'.</msg>
<status status="PASS" starttime="20210121 16:55:31.053" endtime="20210121 16:55:31.152"></status>
</kw>
<kw name="Click Element" library="Selenium2Library">
<doc>Click the element identified by ``locator``.</doc>
<arguments>
<arg>class:login-lbl</arg>
</arguments>
<msg timestamp="20210121 16:55:31.153" level="INFO">Clicking element 'class:login-lbl'.</msg>
<status status="PASS" starttime="20210121 16:55:31.152" endtime="20210121 16:55:41.486"></status>
</kw>
<status status="PASS" starttime="20210121 16:55:30.959" endtime="20210121 16:55:41.486"></status>
</kw>
<kw name="เข้าใช้งาน FlowAccount สำเร็จ" library="TestCase_Login">
<kw name="Wait Until Element Is Visible" library="Selenium2Library">
<doc>Waits until the element ``locator`` is visible.</doc>
<arguments>
<arg>class:panel-heading</arg>
</arguments>
<status status="PASS" starttime="20210121 16:55:41.487" endtime="20210121 16:55:42.441"></status>
</kw>
<kw name="Wait Until Page Contains" library="Selenium2Library">
<doc>Waits until ``text`` appears on the current page.</doc>
<arguments>
<arg>ภาพรวมบริษัท</arg>
</arguments>
<status status="PASS" starttime="20210121 16:55:42.441" endtime="20210121 16:55:42.465"></status>
</kw>
<status status="PASS" starttime="20210121 16:55:41.487" endtime="20210121 16:55:42.465"></status>
</kw>
<status status="PASS" starttime="20210121 16:55:21.755" endtime="20210121 16:55:42.466" critical="yes"></status>
</test>
<test id="s1-t2" name="Duplicate Quotations">
<kw name="เข้าสู่หน้าใบเสนอราคา" library="TestCase_create_qt">
<kw name="Click Element" library="Selenium2Library">
<doc>Click the element identified by ``locator``.</doc>
<arguments>
<arg>${menu_class_qt}</arg>
</arguments>
<msg timestamp="20210121 16:55:42.478" level="INFO">Clicking element 'class:fl-sell'.</msg>
<status status="PASS" starttime="20210121 16:55:42.478" endtime="20210121 16:55:42.917"></status>
</kw>
<kw name="Wait Until Page Contains" library="Selenium2Library">
<doc>Waits until ``text`` appears on the current page.</doc>
<arguments>
<arg>${document_title_qt}</arg>
</arguments>
<status status="PASS" starttime="20210121 16:55:42.917" endtime="20210121 16:55:43.037"></status>
</kw>
<status status="PASS" starttime="20210121 16:55:42.478" endtime="20210121 16:55:43.038"></status>
</kw>
<kw name="สร้างเอกสารซ้ำ" library="TestCase_duplicate_qt">
<kw name="Get Element Count" library="Selenium2Library">
<doc>Returns the number of elements matching ``locator``.</doc>
<arguments>
<arg>css:.datatable-row-wrapper .datatable-row-center</arg>
</arguments>
<assign>
<var>${count}</var>
</assign>
<msg timestamp="20210121 16:55:43.150" level="INFO">${count} = 2</msg>
<status status="PASS" starttime="20210121 16:55:43.039" endtime="20210121 16:55:43.151"></status>
</kw>
<kw name="Log" library="BuiltIn">
<doc>Logs the given message with the given level.</doc>
<arguments>
<arg>Connt: ${count}</arg>
</arguments>
<msg timestamp="20210121 16:55:43.151" level="INFO">Connt: 2</msg>
<status status="PASS" starttime="20210121 16:55:43.151" endtime="20210121 16:55:43.151"></status>
</kw>
<kw name="${index} IN [ 2 ]" type="for">
<kw name="${index} = 2" type="foritem">
<kw name="Get Text" library="Selenium2Library">
<doc>Returns the text value of the element identified by ``locator``.</doc>
<arguments>
<arg>css:.datatable-row-wrapper:nth-child(${index}) .datatable-row-center .datatable-body-cell:nth-child(3)</arg>
</arguments>
<assign>
<var>${get_value}</var>
</assign>
<msg timestamp="20210121 16:55:43.185" level="INFO">${get_value} = QT2021010001</msg>
<status status="PASS" starttime="20210121 16:55:43.152" endtime="20210121 16:55:43.185"></status>
</kw>
<kw name="Log" library="BuiltIn">
<doc>Logs the given message with the given level.</doc>
<arguments>
<arg>${get_value}</arg>
</arguments>
<msg timestamp="20210121 16:55:43.186" level="INFO">QT2021010001</msg>
<status status="PASS" starttime="20210121 16:55:43.185" endtime="20210121 16:55:43.186"></status>
</kw>
<status status="PASS" starttime="20210121 16:55:43.152" endtime="20210121 16:55:43.186"></status>
</kw>
<status status="PASS" starttime="20210121 16:55:43.151" endtime="20210121 16:55:43.186"></status>
</kw>
<status status="PASS" starttime="20210121 16:55:43.038" endtime="20210121 16:55:43.186"></status>
</kw>
<status status="PASS" starttime="20210121 16:55:42.476" endtime="20210121 16:55:43.187" critical="yes"></status>
</test>
<status status="PASS" starttime="20210121 16:55:21.615" endtime="20210121 16:55:43.197"></status>
</suite>
<statistics>
<total>
<stat pass="2" fail="0">Critical Tests</stat>
<stat pass="2" fail="0">All Tests</stat>
</total>
<tag>
</tag>
<suite>
<stat pass="2" fail="0" id="s1" name="Run">Run</stat>
</suite>
</statistics>
<errors>
</errors>
</robot>
