<?xml version="1.0" encoding="UTF-8"?>
<robot generator="Robot 3.2.2 (Python 3.7.4 on win32)" generated="20210121 01:19:09.600" rpa="false">
<suite id="s1" name="Run" source="C:\Users\findb\OneDrive\Desktop\GitHub\Robot\run.robot">
<test id="s1-t1" name="Login FlowAccount.com">
<kw name="เปิดเว็บ flowaccount.com" library="TestCase_Login">
<kw name="Open Browser" library="Selenium2Library">
<doc>Opens a new browser instance to the optional ``url``.</doc>
<arguments>
<arg>${url}</arg>
<arg>${browser}</arg>
</arguments>
<msg timestamp="20210121 01:19:09.832" level="INFO">Opening browser 'chrome' to base url 'https://flowaccount.com'.</msg>
<status status="PASS" starttime="20210121 01:19:09.832" endtime="20210121 01:19:13.901"></status>
</kw>
<kw name="Maximize Browser Window" library="Selenium2Library">
<doc>Maximizes current browser window.</doc>
<status status="PASS" starttime="20210121 01:19:13.902" endtime="20210121 01:19:16.114"></status>
</kw>
<status status="PASS" starttime="20210121 01:19:09.832" endtime="20210121 01:19:16.115"></status>
</kw>
<kw name="เข้าหน้า Auth Login FlowAccount" library="TestCase_Login">
<kw name="Click Element" library="Selenium2Library">
<doc>Click the element identified by ``locator``.</doc>
<arguments>
<arg>class:app-border-btn</arg>
</arguments>
<msg timestamp="20210121 01:19:16.116" level="INFO">Clicking element 'class:app-border-btn'.</msg>
<status status="PASS" starttime="20210121 01:19:16.116" endtime="20210121 01:19:18.364"></status>
</kw>
<status status="PASS" starttime="20210121 01:19:16.115" endtime="20210121 01:19:18.364"></status>
</kw>
<kw name="เข้าใช้งาน FlowAccount" library="TestCase_Login">
<kw name="Input Text" library="Selenium2Library">
<doc>Types the given ``text`` into the text field identified by ``locator``.</doc>
<arguments>
<arg>id:Email</arg>
<arg>${email}</arg>
</arguments>
<msg timestamp="20210121 01:19:18.366" level="INFO">Typing text 'goodnight@flowaccount.com' into text field 'id:Email'.</msg>
<status status="PASS" starttime="20210121 01:19:18.366" endtime="20210121 01:19:18.454"></status>
</kw>
<kw name="Input Text" library="Selenium2Library">
<doc>Types the given ``text`` into the text field identified by ``locator``.</doc>
<arguments>
<arg>id:Password</arg>
<arg>${password}</arg>
</arguments>
<msg timestamp="20210121 01:19:18.455" level="INFO">Typing text '1q1q1q1q@' into text field 'id:Password'.</msg>
<status status="PASS" starttime="20210121 01:19:18.455" endtime="20210121 01:19:18.548"></status>
</kw>
<kw name="Click Element" library="Selenium2Library">
<doc>Click the element identified by ``locator``.</doc>
<arguments>
<arg>class:login-lbl</arg>
</arguments>
<msg timestamp="20210121 01:19:18.549" level="INFO">Clicking element 'class:login-lbl'.</msg>
<status status="PASS" starttime="20210121 01:19:18.549" endtime="20210121 01:19:22.010"></status>
</kw>
<status status="PASS" starttime="20210121 01:19:18.365" endtime="20210121 01:19:22.011"></status>
</kw>
<kw name="เข้าใช้งาน FlowAccount สำเร็จ" library="TestCase_Login">
<kw name="Wait Until Element Is Visible" library="Selenium2Library">
<doc>Waits until the element ``locator`` is visible.</doc>
<arguments>
<arg>class:panel-heading</arg>
</arguments>
<status status="PASS" starttime="20210121 01:19:22.011" endtime="20210121 01:19:23.693"></status>
</kw>
<kw name="Wait Until Page Contains" library="Selenium2Library">
<doc>Waits until ``text`` appears on the current page.</doc>
<arguments>
<arg>ภาพรวมบริษัท</arg>
</arguments>
<status status="PASS" starttime="20210121 01:19:23.693" endtime="20210121 01:19:23.714"></status>
</kw>
<status status="PASS" starttime="20210121 01:19:22.011" endtime="20210121 01:19:23.714"></status>
</kw>
<status status="PASS" starttime="20210121 01:19:09.830" endtime="20210121 01:19:23.715" critical="yes"></status>
</test>
<test id="s1-t2" name="Create Quotations">
<kw name="เข้าสู่หน้าใบเสนอราคา" library="TestCase_create_doc">
<kw name="Click Element" library="Selenium2Library">
<doc>Click the element identified by ``locator``.</doc>
<arguments>
<arg>${menu_class_qt}</arg>
</arguments>
<msg timestamp="20210121 01:19:23.717" level="INFO">Clicking element 'class:fl-sell'.</msg>
<status status="PASS" starttime="20210121 01:19:23.717" endtime="20210121 01:19:24.310"></status>
</kw>
<kw name="Wait Until Page Contains" library="Selenium2Library">
<doc>Waits until ``text`` appears on the current page.</doc>
<arguments>
<arg>${document_title_qt}</arg>
</arguments>
<status status="PASS" starttime="20210121 01:19:24.310" endtime="20210121 01:19:24.422"></status>
</kw>
<status status="PASS" starttime="20210121 01:19:23.717" endtime="20210121 01:19:24.423"></status>
</kw>
<kw name="สร้างใบเสนอราคา" library="TestCase_create_doc">
<kw name="Get DateTime" library="TestCase_create_doc">
<assign>
<var>${DateTime}</var>
</assign>
<kw name="Get Current Date" library="DateTime">
<doc>Returns current local or UTC time with an optional increment.</doc>
<arguments>
<arg>result_format=%d-%m-%y-%H:%M:%S</arg>
</arguments>
<assign>
<var>${value}</var>
</assign>
<msg timestamp="20210121 01:19:24.425" level="INFO">${value} = 21-01-21-01:19:24</msg>
<status status="PASS" starttime="20210121 01:19:24.425" endtime="20210121 01:19:24.425"></status>
</kw>
<msg timestamp="20210121 01:19:24.426" level="INFO">${DateTime} = 21-01-21-01:19:24</msg>
<status status="PASS" starttime="20210121 01:19:24.424" endtime="20210121 01:19:24.426"></status>
</kw>
<kw name="Click Element" library="Selenium2Library">
<doc>Click the element identified by ``locator``.</doc>
<arguments>
<arg>${button_create_doc}</arg>
</arguments>
<msg timestamp="20210121 01:19:24.426" level="INFO">Clicking element '//button[.//text() = "สร้างใหม่"]'.</msg>
<status status="PASS" starttime="20210121 01:19:24.426" endtime="20210121 01:19:24.824"></status>
</kw>
<kw name="Wait Until Page Contains" library="Selenium2Library">
<doc>Waits until ``text`` appears on the current page.</doc>
<arguments>
<arg>สร้าง${document_title_qt}</arg>
</arguments>
<status status="PASS" starttime="20210121 01:19:24.824" endtime="20210121 01:19:24.987"></status>
</kw>
<kw name="Input Text" library="Selenium2Library">
<doc>Types the given ``text`` into the text field identified by ``locator``.</doc>
<arguments>
<arg>${project_name}</arg>
<arg>${DateTime}</arg>
</arguments>
<msg timestamp="20210121 01:19:24.987" level="INFO">Typing text '21-01-21-01:19:24' into text field 'class:project-name'.</msg>
<status status="PASS" starttime="20210121 01:19:24.987" endtime="20210121 01:19:25.313"></status>
</kw>
<status status="PASS" starttime="20210121 01:19:24.423" endtime="20210121 01:19:25.313"></status>
</kw>
<kw name="เพิ่มรายการสินค้า" library="TestCase_create_doc">
<kw name="Scroll Element Into View" library="Selenium2Library">
<doc>Scrolls the element identified by ``locator`` into view.</doc>
<arguments>
<arg>css:.withholding-group</arg>
</arguments>
<status status="PASS" starttime="20210121 01:19:25.314" endtime="20210121 01:19:25.631"></status>
</kw>
<kw name="${i} IN RANGE [ 9 ]" type="for">
<kw name="${i} = 0" type="foritem">
<kw name="Click Element" library="Selenium2Library">
<doc>Click the element identified by ``locator``.</doc>
<arguments>
<arg>css:.document-remark &gt; a</arg>
</arguments>
<msg timestamp="20210121 01:19:25.633" level="INFO">Clicking element 'css:.document-remark &gt; a'.</msg>
<status status="PASS" starttime="20210121 01:19:25.632" endtime="20210121 01:19:25.752"></status>
</kw>
<status status="PASS" starttime="20210121 01:19:25.632" endtime="20210121 01:19:25.753"></status>
</kw>
<kw name="${i} = 1" type="foritem">
<kw name="Click Element" library="Selenium2Library">
<doc>Click the element identified by ``locator``.</doc>
<arguments>
<arg>css:.document-remark &gt; a</arg>
</arguments>
<msg timestamp="20210121 01:19:25.754" level="INFO">Clicking element 'css:.document-remark &gt; a'.</msg>
<status status="PASS" starttime="20210121 01:19:25.753" endtime="20210121 01:19:25.860"></status>
</kw>
<status status="PASS" starttime="20210121 01:19:25.753" endtime="20210121 01:19:25.860"></status>
</kw>
<kw name="${i} = 2" type="foritem">
<kw name="Click Element" library="Selenium2Library">
<doc>Click the element identified by ``locator``.</doc>
<arguments>
<arg>css:.document-remark &gt; a</arg>
</arguments>
<msg timestamp="20210121 01:19:25.860" level="INFO">Clicking element 'css:.document-remark &gt; a'.</msg>
<status status="PASS" starttime="20210121 01:19:25.860" endtime="20210121 01:19:25.972"></status>
</kw>
<status status="PASS" starttime="20210121 01:19:25.860" endtime="20210121 01:19:25.972"></status>
</kw>
<kw name="${i} = 3" type="foritem">
<kw name="Click Element" library="Selenium2Library">
<doc>Click the element identified by ``locator``.</doc>
<arguments>
<arg>css:.document-remark &gt; a</arg>
</arguments>
<msg timestamp="20210121 01:19:25.973" level="INFO">Clicking element 'css:.document-remark &gt; a'.</msg>
<status status="PASS" starttime="20210121 01:19:25.973" endtime="20210121 01:19:26.080"></status>
</kw>
<status status="PASS" starttime="20210121 01:19:25.973" endtime="20210121 01:19:26.080"></status>
</kw>
<kw name="${i} = 4" type="foritem">
<kw name="Click Element" library="Selenium2Library">
<doc>Click the element identified by ``locator``.</doc>
<arguments>
<arg>css:.document-remark &gt; a</arg>
</arguments>
<msg timestamp="20210121 01:19:26.081" level="INFO">Clicking element 'css:.document-remark &gt; a'.</msg>
<status status="PASS" starttime="20210121 01:19:26.081" endtime="20210121 01:19:26.198"></status>
</kw>
<status status="PASS" starttime="20210121 01:19:26.080" endtime="20210121 01:19:26.198"></status>
</kw>
<kw name="${i} = 5" type="foritem">
<kw name="Click Element" library="Selenium2Library">
<doc>Click the element identified by ``locator``.</doc>
<arguments>
<arg>css:.document-remark &gt; a</arg>
</arguments>
<msg timestamp="20210121 01:19:26.198" level="INFO">Clicking element 'css:.document-remark &gt; a'.</msg>
<status status="PASS" starttime="20210121 01:19:26.198" endtime="20210121 01:19:26.301"></status>
</kw>
<status status="PASS" starttime="20210121 01:19:26.198" endtime="20210121 01:19:26.301"></status>
</kw>
<kw name="${i} = 6" type="foritem">
<kw name="Click Element" library="Selenium2Library">
<doc>Click the element identified by ``locator``.</doc>
<arguments>
<arg>css:.document-remark &gt; a</arg>
</arguments>
<msg timestamp="20210121 01:19:26.301" level="INFO">Clicking element 'css:.document-remark &gt; a'.</msg>
<status status="PASS" starttime="20210121 01:19:26.301" endtime="20210121 01:19:26.414"></status>
</kw>
<status status="PASS" starttime="20210121 01:19:26.301" endtime="20210121 01:19:26.414"></status>
</kw>
<kw name="${i} = 7" type="foritem">
<kw name="Click Element" library="Selenium2Library">
<doc>Click the element identified by ``locator``.</doc>
<arguments>
<arg>css:.document-remark &gt; a</arg>
</arguments>
<msg timestamp="20210121 01:19:26.415" level="INFO">Clicking element 'css:.document-remark &gt; a'.</msg>
<status status="PASS" starttime="20210121 01:19:26.415" endtime="20210121 01:19:26.588"></status>
</kw>
<status status="PASS" starttime="20210121 01:19:26.414" endtime="20210121 01:19:26.588"></status>
</kw>
<kw name="${i} = 8" type="foritem">
<kw name="Click Element" library="Selenium2Library">
<doc>Click the element identified by ``locator``.</doc>
<arguments>
<arg>css:.document-remark &gt; a</arg>
</arguments>
<msg timestamp="20210121 01:19:26.589" level="INFO">Clicking element 'css:.document-remark &gt; a'.</msg>
<status status="PASS" starttime="20210121 01:19:26.589" endtime="20210121 01:19:26.693"></status>
</kw>
<status status="PASS" starttime="20210121 01:19:26.589" endtime="20210121 01:19:26.693"></status>
</kw>
<status status="PASS" starttime="20210121 01:19:25.632" endtime="20210121 01:19:26.693"></status>
</kw>
<status status="PASS" starttime="20210121 01:19:25.314" endtime="20210121 01:19:26.693"></status>
</kw>
<kw name="เลือกรายการสินค้า" library="TestCase_create_doc">
<kw name="${i} IN RANGE [ 12 ]" type="for">
<kw name="${i} = 0" type="foritem">
<kw name="Log" library="BuiltIn">
<doc>Logs the given message with the given level.</doc>
<arguments>
<arg>${i}</arg>
</arguments>
<msg timestamp="20210121 01:19:26.695" level="INFO">0</msg>
<status status="PASS" starttime="20210121 01:19:26.695" endtime="20210121 01:19:26.695"></status>
</kw>
<kw name="Input Text" library="Selenium2Library">
<doc>Types the given ``text`` into the text field identified by ``locator``.</doc>
<arguments>
<arg>css:.item${i} td:nth-child(3) .tt-input</arg>
<arg>${product_code[${i}]}</arg>
</arguments>
<msg timestamp="20210121 01:19:26.695" level="INFO">Typing text 'S001' into text field 'css:.item0 td:nth-child(3) .tt-input'.</msg>
<status status="PASS" starttime="20210121 01:19:26.695" endtime="20210121 01:19:26.948"></status>
</kw>
<kw name="Click Element" library="Selenium2Library">
<doc>Click the element identified by ``locator``.</doc>
<arguments>
<arg>css:.item${i} td:nth-child(3) .tt-dataset &gt; div &gt; div:nth-child(1)</arg>
</arguments>
<msg timestamp="20210121 01:19:26.949" level="INFO">Clicking element 'css:.item0 td:nth-child(3) .tt-dataset &gt; div &gt; div:nth-child(1)'.</msg>
<status status="PASS" starttime="20210121 01:19:26.948" endtime="20210121 01:19:27.544"></status>
</kw>
<status status="PASS" starttime="20210121 01:19:26.694" endtime="20210121 01:19:27.544"></status>
</kw>
<kw name="${i} = 1" type="foritem">
<kw name="Log" library="BuiltIn">
<doc>Logs the given message with the given level.</doc>
<arguments>
<arg>${i}</arg>
</arguments>
<msg timestamp="20210121 01:19:27.545" level="INFO">1</msg>
<status status="PASS" starttime="20210121 01:19:27.545" endtime="20210121 01:19:27.545"></status>
</kw>
<kw name="Input Text" library="Selenium2Library">
<doc>Types the given ``text`` into the text field identified by ``locator``.</doc>
<arguments>
<arg>css:.item${i} td:nth-child(3) .tt-input</arg>
<arg>${product_code[${i}]}</arg>
</arguments>
<msg timestamp="20210121 01:19:27.545" level="INFO">Typing text 'S002' into text field 'css:.item1 td:nth-child(3) .tt-input'.</msg>
<status status="PASS" starttime="20210121 01:19:27.545" endtime="20210121 01:19:27.741"></status>
</kw>
<kw name="Click Element" library="Selenium2Library">
<doc>Click the element identified by ``locator``.</doc>
<arguments>
<arg>css:.item${i} td:nth-child(3) .tt-dataset &gt; div &gt; div:nth-child(1)</arg>
</arguments>
<msg timestamp="20210121 01:19:27.742" level="INFO">Clicking element 'css:.item1 td:nth-child(3) .tt-dataset &gt; div &gt; div:nth-child(1)'.</msg>
<status status="PASS" starttime="20210121 01:19:27.741" endtime="20210121 01:19:28.352"></status>
</kw>
<status status="PASS" starttime="20210121 01:19:27.544" endtime="20210121 01:19:28.352"></status>
</kw>
<kw name="${i} = 2" type="foritem">
<kw name="Log" library="BuiltIn">
<doc>Logs the given message with the given level.</doc>
<arguments>
<arg>${i}</arg>
</arguments>
<msg timestamp="20210121 01:19:28.352" level="INFO">2</msg>
<status status="PASS" starttime="20210121 01:19:28.352" endtime="20210121 01:19:28.352"></status>
</kw>
<kw name="Input Text" library="Selenium2Library">
<doc>Types the given ``text`` into the text field identified by ``locator``.</doc>
<arguments>
<arg>css:.item${i} td:nth-child(3) .tt-input</arg>
<arg>${product_code[${i}]}</arg>
</arguments>
<msg timestamp="20210121 01:19:28.353" level="INFO">Typing text 'S003' into text field 'css:.item2 td:nth-child(3) .tt-input'.</msg>
<status status="PASS" starttime="20210121 01:19:28.353" endtime="20210121 01:19:28.586"></status>
</kw>
<kw name="Click Element" library="Selenium2Library">
<doc>Click the element identified by ``locator``.</doc>
<arguments>
<arg>css:.item${i} td:nth-child(3) .tt-dataset &gt; div &gt; div:nth-child(1)</arg>
</arguments>
<msg timestamp="20210121 01:19:28.587" level="INFO">Clicking element 'css:.item2 td:nth-child(3) .tt-dataset &gt; div &gt; div:nth-child(1)'.</msg>
<status status="PASS" starttime="20210121 01:19:28.586" endtime="20210121 01:19:29.201"></status>
</kw>
<status status="PASS" starttime="20210121 01:19:28.352" endtime="20210121 01:19:29.201"></status>
</kw>
<kw name="${i} = 3" type="foritem">
<kw name="Log" library="BuiltIn">
<doc>Logs the given message with the given level.</doc>
<arguments>
<arg>${i}</arg>
</arguments>
<msg timestamp="20210121 01:19:29.201" level="INFO">3</msg>
<status status="PASS" starttime="20210121 01:19:29.201" endtime="20210121 01:19:29.202"></status>
</kw>
<kw name="Input Text" library="Selenium2Library">
<doc>Types the given ``text`` into the text field identified by ``locator``.</doc>
<arguments>
<arg>css:.item${i} td:nth-child(3) .tt-input</arg>
<arg>${product_code[${i}]}</arg>
</arguments>
<msg timestamp="20210121 01:19:29.202" level="INFO">Typing text 'S004' into text field 'css:.item3 td:nth-child(3) .tt-input'.</msg>
<status status="PASS" starttime="20210121 01:19:29.202" endtime="20210121 01:19:29.560"></status>
</kw>
<kw name="Click Element" library="Selenium2Library">
<doc>Click the element identified by ``locator``.</doc>
<arguments>
<arg>css:.item${i} td:nth-child(3) .tt-dataset &gt; div &gt; div:nth-child(1)</arg>
</arguments>
<msg timestamp="20210121 01:19:29.561" level="INFO">Clicking element 'css:.item3 td:nth-child(3) .tt-dataset &gt; div &gt; div:nth-child(1)'.</msg>
<status status="PASS" starttime="20210121 01:19:29.560" endtime="20210121 01:19:30.122"></status>
</kw>
<status status="PASS" starttime="20210121 01:19:29.201" endtime="20210121 01:19:30.122"></status>
</kw>
<kw name="${i} = 4" type="foritem">
<kw name="Log" library="BuiltIn">
<doc>Logs the given message with the given level.</doc>
<arguments>
<arg>${i}</arg>
</arguments>
<msg timestamp="20210121 01:19:30.122" level="INFO">4</msg>
<status status="PASS" starttime="20210121 01:19:30.122" endtime="20210121 01:19:30.122"></status>
</kw>
<kw name="Input Text" library="Selenium2Library">
<doc>Types the given ``text`` into the text field identified by ``locator``.</doc>
<arguments>
<arg>css:.item${i} td:nth-child(3) .tt-input</arg>
<arg>${product_code[${i}]}</arg>
</arguments>
<msg timestamp="20210121 01:19:30.123" level="INFO">Typing text 'N001' into text field 'css:.item4 td:nth-child(3) .tt-input'.</msg>
<status status="PASS" starttime="20210121 01:19:30.123" endtime="20210121 01:19:30.356"></status>
</kw>
<kw name="Click Element" library="Selenium2Library">
<doc>Click the element identified by ``locator``.</doc>
<arguments>
<arg>css:.item${i} td:nth-child(3) .tt-dataset &gt; div &gt; div:nth-child(1)</arg>
</arguments>
<msg timestamp="20210121 01:19:30.357" level="INFO">Clicking element 'css:.item4 td:nth-child(3) .tt-dataset &gt; div &gt; div:nth-child(1)'.</msg>
<status status="PASS" starttime="20210121 01:19:30.356" endtime="20210121 01:19:30.973"></status>
</kw>
<status status="PASS" starttime="20210121 01:19:30.122" endtime="20210121 01:19:30.973"></status>
</kw>
<kw name="${i} = 5" type="foritem">
<kw name="Log" library="BuiltIn">
<doc>Logs the given message with the given level.</doc>
<arguments>
<arg>${i}</arg>
</arguments>
<msg timestamp="20210121 01:19:30.974" level="INFO">5</msg>
<status status="PASS" starttime="20210121 01:19:30.974" endtime="20210121 01:19:30.974"></status>
</kw>
<kw name="Input Text" library="Selenium2Library">
<doc>Types the given ``text`` into the text field identified by ``locator``.</doc>
<arguments>
<arg>css:.item${i} td:nth-child(3) .tt-input</arg>
<arg>${product_code[${i}]}</arg>
</arguments>
<msg timestamp="20210121 01:19:30.974" level="INFO">Typing text 'N002' into text field 'css:.item5 td:nth-child(3) .tt-input'.</msg>
<status status="PASS" starttime="20210121 01:19:30.974" endtime="20210121 01:19:31.198"></status>
</kw>
<kw name="Click Element" library="Selenium2Library">
<doc>Click the element identified by ``locator``.</doc>
<arguments>
<arg>css:.item${i} td:nth-child(3) .tt-dataset &gt; div &gt; div:nth-child(1)</arg>
</arguments>
<msg timestamp="20210121 01:19:31.199" level="INFO">Clicking element 'css:.item5 td:nth-child(3) .tt-dataset &gt; div &gt; div:nth-child(1)'.</msg>
<status status="PASS" starttime="20210121 01:19:31.198" endtime="20210121 01:19:31.817"></status>
</kw>
<status status="PASS" starttime="20210121 01:19:30.973" endtime="20210121 01:19:31.817"></status>
</kw>
<kw name="${i} = 6" type="foritem">
<kw name="Log" library="BuiltIn">
<doc>Logs the given message with the given level.</doc>
<arguments>
<arg>${i}</arg>
</arguments>
<msg timestamp="20210121 01:19:31.818" level="INFO">6</msg>
<status status="PASS" starttime="20210121 01:19:31.817" endtime="20210121 01:19:31.818"></status>
</kw>
<kw name="Input Text" library="Selenium2Library">
<doc>Types the given ``text`` into the text field identified by ``locator``.</doc>
<arguments>
<arg>css:.item${i} td:nth-child(3) .tt-input</arg>
<arg>${product_code[${i}]}</arg>
</arguments>
<msg timestamp="20210121 01:19:31.819" level="INFO">Typing text 'N003' into text field 'css:.item6 td:nth-child(3) .tt-input'.</msg>
<status status="PASS" starttime="20210121 01:19:31.818" endtime="20210121 01:19:32.022"></status>
</kw>
<kw name="Click Element" library="Selenium2Library">
<doc>Click the element identified by ``locator``.</doc>
<arguments>
<arg>css:.item${i} td:nth-child(3) .tt-dataset &gt; div &gt; div:nth-child(1)</arg>
</arguments>
<msg timestamp="20210121 01:19:32.023" level="INFO">Clicking element 'css:.item6 td:nth-child(3) .tt-dataset &gt; div &gt; div:nth-child(1)'.</msg>
<status status="PASS" starttime="20210121 01:19:32.023" endtime="20210121 01:19:32.646"></status>
</kw>
<status status="PASS" starttime="20210121 01:19:31.817" endtime="20210121 01:19:32.646"></status>
</kw>
<kw name="${i} = 7" type="foritem">
<kw name="Log" library="BuiltIn">
<doc>Logs the given message with the given level.</doc>
<arguments>
<arg>${i}</arg>
</arguments>
<msg timestamp="20210121 01:19:32.646" level="INFO">7</msg>
<status status="PASS" starttime="20210121 01:19:32.646" endtime="20210121 01:19:32.646"></status>
</kw>
<kw name="Input Text" library="Selenium2Library">
<doc>Types the given ``text`` into the text field identified by ``locator``.</doc>
<arguments>
<arg>css:.item${i} td:nth-child(3) .tt-input</arg>
<arg>${product_code[${i}]}</arg>
</arguments>
<msg timestamp="20210121 01:19:32.648" level="INFO">Typing text 'N004' into text field 'css:.item7 td:nth-child(3) .tt-input'.</msg>
<status status="PASS" starttime="20210121 01:19:32.648" endtime="20210121 01:19:32.914"></status>
</kw>
<kw name="Click Element" library="Selenium2Library">
<doc>Click the element identified by ``locator``.</doc>
<arguments>
<arg>css:.item${i} td:nth-child(3) .tt-dataset &gt; div &gt; div:nth-child(1)</arg>
</arguments>
<msg timestamp="20210121 01:19:32.915" level="INFO">Clicking element 'css:.item7 td:nth-child(3) .tt-dataset &gt; div &gt; div:nth-child(1)'.</msg>
<status status="PASS" starttime="20210121 01:19:32.914" endtime="20210121 01:19:33.503"></status>
</kw>
<status status="PASS" starttime="20210121 01:19:32.646" endtime="20210121 01:19:33.503"></status>
</kw>
<kw name="${i} = 8" type="foritem">
<kw name="Log" library="BuiltIn">
<doc>Logs the given message with the given level.</doc>
<arguments>
<arg>${i}</arg>
</arguments>
<msg timestamp="20210121 01:19:33.503" level="INFO">8</msg>
<status status="PASS" starttime="20210121 01:19:33.503" endtime="20210121 01:19:33.503"></status>
</kw>
<kw name="Input Text" library="Selenium2Library">
<doc>Types the given ``text`` into the text field identified by ``locator``.</doc>
<arguments>
<arg>css:.item${i} td:nth-child(3) .tt-input</arg>
<arg>${product_code[${i}]}</arg>
</arguments>
<msg timestamp="20210121 01:19:33.503" level="INFO">Typing text 'V001' into text field 'css:.item8 td:nth-child(3) .tt-input'.</msg>
<status status="PASS" starttime="20210121 01:19:33.503" endtime="20210121 01:19:33.747"></status>
</kw>
<kw name="Click Element" library="Selenium2Library">
<doc>Click the element identified by ``locator``.</doc>
<arguments>
<arg>css:.item${i} td:nth-child(3) .tt-dataset &gt; div &gt; div:nth-child(1)</arg>
</arguments>
<msg timestamp="20210121 01:19:33.748" level="INFO">Clicking element 'css:.item8 td:nth-child(3) .tt-dataset &gt; div &gt; div:nth-child(1)'.</msg>
<status status="PASS" starttime="20210121 01:19:33.747" endtime="20210121 01:19:34.382"></status>
</kw>
<status status="PASS" starttime="20210121 01:19:33.503" endtime="20210121 01:19:34.382"></status>
</kw>
<kw name="${i} = 9" type="foritem">
<kw name="Log" library="BuiltIn">
<doc>Logs the given message with the given level.</doc>
<arguments>
<arg>${i}</arg>
</arguments>
<msg timestamp="20210121 01:19:34.383" level="INFO">9</msg>
<status status="PASS" starttime="20210121 01:19:34.383" endtime="20210121 01:19:34.384"></status>
</kw>
<kw name="Input Text" library="Selenium2Library">
<doc>Types the given ``text`` into the text field identified by ``locator``.</doc>
<arguments>
<arg>css:.item${i} td:nth-child(3) .tt-input</arg>
<arg>${product_code[${i}]}</arg>
</arguments>
<msg timestamp="20210121 01:19:34.385" level="INFO">Typing text 'V002' into text field 'css:.item9 td:nth-child(3) .tt-input'.</msg>
<status status="PASS" starttime="20210121 01:19:34.384" endtime="20210121 01:19:34.655"></status>
</kw>
<kw name="Click Element" library="Selenium2Library">
<doc>Click the element identified by ``locator``.</doc>
<arguments>
<arg>css:.item${i} td:nth-child(3) .tt-dataset &gt; div &gt; div:nth-child(1)</arg>
</arguments>
<msg timestamp="20210121 01:19:34.655" level="INFO">Clicking element 'css:.item9 td:nth-child(3) .tt-dataset &gt; div &gt; div:nth-child(1)'.</msg>
<status status="PASS" starttime="20210121 01:19:34.655" endtime="20210121 01:19:35.229"></status>
</kw>
<status status="PASS" starttime="20210121 01:19:34.382" endtime="20210121 01:19:35.229"></status>
</kw>
<kw name="${i} = 10" type="foritem">
<kw name="Log" library="BuiltIn">
<doc>Logs the given message with the given level.</doc>
<arguments>
<arg>${i}</arg>
</arguments>
<msg timestamp="20210121 01:19:35.229" level="INFO">10</msg>
<status status="PASS" starttime="20210121 01:19:35.229" endtime="20210121 01:19:35.229"></status>
</kw>
<kw name="Input Text" library="Selenium2Library">
<doc>Types the given ``text`` into the text field identified by ``locator``.</doc>
<arguments>
<arg>css:.item${i} td:nth-child(3) .tt-input</arg>
<arg>${product_code[${i}]}</arg>
</arguments>
<msg timestamp="20210121 01:19:35.230" level="INFO">Typing text 'V003' into text field 'css:.item10 td:nth-child(3) .tt-input'.</msg>
<status status="PASS" starttime="20210121 01:19:35.230" endtime="20210121 01:19:35.484"></status>
</kw>
<kw name="Click Element" library="Selenium2Library">
<doc>Click the element identified by ``locator``.</doc>
<arguments>
<arg>css:.item${i} td:nth-child(3) .tt-dataset &gt; div &gt; div:nth-child(1)</arg>
</arguments>
<msg timestamp="20210121 01:19:35.484" level="INFO">Clicking element 'css:.item10 td:nth-child(3) .tt-dataset &gt; div &gt; div:nth-child(1)'.</msg>
<status status="PASS" starttime="20210121 01:19:35.484" endtime="20210121 01:19:36.084"></status>
</kw>
<status status="PASS" starttime="20210121 01:19:35.229" endtime="20210121 01:19:36.084"></status>
</kw>
<kw name="${i} = 11" type="foritem">
<kw name="Log" library="BuiltIn">
<doc>Logs the given message with the given level.</doc>
<arguments>
<arg>${i}</arg>
</arguments>
<msg timestamp="20210121 01:19:36.084" level="INFO">11</msg>
<status status="PASS" starttime="20210121 01:19:36.084" endtime="20210121 01:19:36.084"></status>
</kw>
<kw name="Input Text" library="Selenium2Library">
<doc>Types the given ``text`` into the text field identified by ``locator``.</doc>
<arguments>
<arg>css:.item${i} td:nth-child(3) .tt-input</arg>
<arg>${product_code[${i}]}</arg>
</arguments>
<msg timestamp="20210121 01:19:36.085" level="INFO">Typing text 'V004' into text field 'css:.item11 td:nth-child(3) .tt-input'.</msg>
<status status="PASS" starttime="20210121 01:19:36.084" endtime="20210121 01:19:36.336"></status>
</kw>
<kw name="Click Element" library="Selenium2Library">
<doc>Click the element identified by ``locator``.</doc>
<arguments>
<arg>css:.item${i} td:nth-child(3) .tt-dataset &gt; div &gt; div:nth-child(1)</arg>
</arguments>
<msg timestamp="20210121 01:19:36.336" level="INFO">Clicking element 'css:.item11 td:nth-child(3) .tt-dataset &gt; div &gt; div:nth-child(1)'.</msg>
<status status="PASS" starttime="20210121 01:19:36.336" endtime="20210121 01:19:36.933"></status>
</kw>
<status status="PASS" starttime="20210121 01:19:36.084" endtime="20210121 01:19:36.933"></status>
</kw>
<status status="PASS" starttime="20210121 01:19:26.694" endtime="20210121 01:19:36.933"></status>
</kw>
<status status="PASS" starttime="20210121 01:19:26.694" endtime="20210121 01:19:36.934"></status>
</kw>
<status status="PASS" starttime="20210121 01:19:23.716" endtime="20210121 01:19:36.934" critical="yes"></status>
</test>
<status status="PASS" starttime="20210121 01:19:09.601" endtime="20210121 01:19:36.936"></status>
</suite>
<statistics>
<total>
<stat pass="2" fail="0">Critical Tests</stat>
<stat pass="2" fail="0">All Tests</stat>
</total>
<tag>
</tag>
<suite>
<stat pass="2" fail="0" id="s1" name="Run">Run</stat>
</suite>
</statistics>
<errors>
</errors>
</robot>
