<?xml version="1.0" encoding="UTF-8"?>
<robot generator="Robot 3.2.2 (Python 3.7.4 on win32)" generated="20210121 12:29:29.759" rpa="false">
<suite id="s1" name="Run" source="C:\Users\findb\OneDrive\Desktop\GitHub\Robotframework\Robot\run.robot">
<test id="s1-t1" name="Login FlowAccount.com">
<kw name="เปิดเว็บ flowaccount.com" library="TestCase_Login">
<kw name="Open Browser" library="Selenium2Library">
<doc>Opens a new browser instance to the optional ``url``.</doc>
<arguments>
<arg>${url}</arg>
<arg>${browser}</arg>
</arguments>
<msg timestamp="20210121 12:29:29.926" level="INFO">Opening browser 'chrome' to base url 'https://flowaccount.com'.</msg>
<status status="PASS" starttime="20210121 12:29:29.926" endtime="20210121 12:29:34.875"></status>
</kw>
<kw name="Maximize Browser Window" library="Selenium2Library">
<doc>Maximizes current browser window.</doc>
<status status="PASS" starttime="20210121 12:29:34.875" endtime="20210121 12:29:37.060"></status>
</kw>
<status status="PASS" starttime="20210121 12:29:29.926" endtime="20210121 12:29:37.060"></status>
</kw>
<kw name="เข้าหน้า Auth Login FlowAccount" library="TestCase_Login">
<kw name="Click Element" library="Selenium2Library">
<doc>Click the element identified by ``locator``.</doc>
<arguments>
<arg>class:app-border-btn</arg>
</arguments>
<msg timestamp="20210121 12:29:37.061" level="INFO">Clicking element 'class:app-border-btn'.</msg>
<status status="PASS" starttime="20210121 12:29:37.061" endtime="20210121 12:29:44.958"></status>
</kw>
<status status="PASS" starttime="20210121 12:29:37.060" endtime="20210121 12:29:44.958"></status>
</kw>
<kw name="เข้าใช้งาน FlowAccount" library="TestCase_Login">
<kw name="Input Text" library="Selenium2Library">
<doc>Types the given ``text`` into the text field identified by ``locator``.</doc>
<arguments>
<arg>id:Email</arg>
<arg>${email}</arg>
</arguments>
<msg timestamp="20210121 12:29:44.960" level="INFO">Typing text 'goodnight@flowaccount.com' into text field 'id:Email'.</msg>
<status status="PASS" starttime="20210121 12:29:44.960" endtime="20210121 12:29:45.031"></status>
</kw>
<kw name="Input Text" library="Selenium2Library">
<doc>Types the given ``text`` into the text field identified by ``locator``.</doc>
<arguments>
<arg>id:Password</arg>
<arg>${password}</arg>
</arguments>
<msg timestamp="20210121 12:29:45.032" level="INFO">Typing text '1q1q1q1q@' into text field 'id:Password'.</msg>
<status status="PASS" starttime="20210121 12:29:45.031" endtime="20210121 12:29:45.111"></status>
</kw>
<kw name="Click Element" library="Selenium2Library">
<doc>Click the element identified by ``locator``.</doc>
<arguments>
<arg>class:login-lbl</arg>
</arguments>
<msg timestamp="20210121 12:29:45.112" level="INFO">Clicking element 'class:login-lbl'.</msg>
<status status="PASS" starttime="20210121 12:29:45.111" endtime="20210121 12:29:55.332"></status>
</kw>
<status status="PASS" starttime="20210121 12:29:44.960" endtime="20210121 12:29:55.332"></status>
</kw>
<kw name="เข้าใช้งาน FlowAccount สำเร็จ" library="TestCase_Login">
<kw name="Wait Until Element Is Visible" library="Selenium2Library">
<doc>Waits until the element ``locator`` is visible.</doc>
<arguments>
<arg>class:panel-heading</arg>
</arguments>
<status status="PASS" starttime="20210121 12:29:55.332" endtime="20210121 12:29:56.687"></status>
</kw>
<kw name="Wait Until Page Contains" library="Selenium2Library">
<doc>Waits until ``text`` appears on the current page.</doc>
<arguments>
<arg>ภาพรวมบริษัท</arg>
</arguments>
<status status="PASS" starttime="20210121 12:29:56.687" endtime="20210121 12:29:56.730"></status>
</kw>
<status status="PASS" starttime="20210121 12:29:55.332" endtime="20210121 12:29:56.730"></status>
</kw>
<status status="PASS" starttime="20210121 12:29:29.925" endtime="20210121 12:29:56.732" critical="yes"></status>
</test>
<test id="s1-t2" name="Create Quotations">
<kw name="เข้าสู่หน้าใบเสนอราคา" library="TestCase_create_qt">
<kw name="Click Element" library="Selenium2Library">
<doc>Click the element identified by ``locator``.</doc>
<arguments>
<arg>${menu_class_qt}</arg>
</arguments>
<msg timestamp="20210121 12:29:56.741" level="INFO">Clicking element 'class:fl-sell'.</msg>
<status status="PASS" starttime="20210121 12:29:56.741" endtime="20210121 12:29:57.272"></status>
</kw>
<kw name="Wait Until Page Contains" library="Selenium2Library">
<doc>Waits until ``text`` appears on the current page.</doc>
<arguments>
<arg>${document_title_qt}</arg>
</arguments>
<status status="PASS" starttime="20210121 12:29:57.272" endtime="20210121 12:29:57.397"></status>
</kw>
<status status="PASS" starttime="20210121 12:29:56.740" endtime="20210121 12:29:57.397"></status>
</kw>
<kw name="สร้างใบเสนอราคา" library="TestCase_create_qt">
<kw name="Get DateTime" library="TestCase_create_qt">
<assign>
<var>${DateTime}</var>
</assign>
<kw name="Get Current Date" library="DateTime">
<doc>Returns current local or UTC time with an optional increment.</doc>
<arguments>
<arg>result_format=%d-%m-%y-%H:%M:%S</arg>
</arguments>
<assign>
<var>${value}</var>
</assign>
<msg timestamp="20210121 12:29:57.399" level="INFO">${value} = 21-01-21-12:29:57</msg>
<status status="PASS" starttime="20210121 12:29:57.398" endtime="20210121 12:29:57.399"></status>
</kw>
<msg timestamp="20210121 12:29:57.399" level="INFO">${DateTime} = 21-01-21-12:29:57</msg>
<status status="PASS" starttime="20210121 12:29:57.398" endtime="20210121 12:29:57.399"></status>
</kw>
<kw name="Click Element" library="Selenium2Library">
<doc>Click the element identified by ``locator``.</doc>
<arguments>
<arg>${button_create_doc}</arg>
</arguments>
<msg timestamp="20210121 12:29:57.399" level="INFO">Clicking element '//button[.//text() = "สร้างใหม่"]'.</msg>
<status status="PASS" starttime="20210121 12:29:57.399" endtime="20210121 12:29:57.895"></status>
</kw>
<kw name="Wait Until Page Contains" library="Selenium2Library">
<doc>Waits until ``text`` appears on the current page.</doc>
<arguments>
<arg>สร้าง${document_title_qt}</arg>
</arguments>
<status status="PASS" starttime="20210121 12:29:57.895" endtime="20210121 12:29:58.075"></status>
</kw>
<kw name="Input Text" library="Selenium2Library">
<doc>Types the given ``text`` into the text field identified by ``locator``.</doc>
<arguments>
<arg>${project_name}</arg>
<arg>${DateTime}</arg>
</arguments>
<msg timestamp="20210121 12:29:58.076" level="INFO">Typing text '21-01-21-12:29:57' into text field 'css:.detail-bottom .project-name'.</msg>
<status status="PASS" starttime="20210121 12:29:58.076" endtime="20210121 12:29:58.398"></status>
</kw>
<kw name="Get Text" library="Selenium2Library">
<doc>Returns the text value of the element identified by ``locator``.</doc>
<arguments>
<arg>${serial_number}</arg>
</arguments>
<assign>
<var>${document_serial}</var>
</assign>
<msg timestamp="20210121 12:29:58.435" level="INFO">${document_serial} = QT2021010002</msg>
<status status="PASS" starttime="20210121 12:29:58.398" endtime="20210121 12:29:58.435"></status>
</kw>
<status status="PASS" starttime="20210121 12:29:57.398" endtime="20210121 12:29:58.435"></status>
</kw>
<kw name="เลือกรายชื่อผู้ติดต่อ" library="TestCase_create_qt">
<kw name="Input Text" library="Selenium2Library">
<doc>Types the given ``text`` into the text field identified by ``locator``.</doc>
<arguments>
<arg>${input_contact}</arg>
<arg>${contact_code[0]}</arg>
</arguments>
<msg timestamp="20210121 12:29:58.437" level="INFO">Typing text 'C001' into text field 'css:input[placeholder="เลือกลูกค้า หรือพิมพ์เพื่อสร้างใหม่"]'.</msg>
<status status="PASS" starttime="20210121 12:29:58.436" endtime="20210121 12:29:58.637"></status>
</kw>
<kw name="Click Element" library="Selenium2Library">
<doc>Click the element identified by ``locator``.</doc>
<arguments>
<arg>${list_contact}</arg>
</arguments>
<msg timestamp="20210121 12:29:58.638" level="INFO">Clicking element 'css:.customer-div div &gt; .tt-dataset &gt; div &gt; div:nth-child(1)'.</msg>
<status status="PASS" starttime="20210121 12:29:58.637" endtime="20210121 12:29:59.239"></status>
</kw>
<status status="PASS" starttime="20210121 12:29:58.436" endtime="20210121 12:29:59.239"></status>
</kw>
<kw name="เพิ่มรายการสินค้า" library="TestCase_create_qt">
<kw name="${i} IN RANGE [ 19 ]" type="for">
<kw name="${i} = 0" type="foritem">
<kw name="Click Element" library="Selenium2Library">
<doc>Click the element identified by ``locator``.</doc>
<arguments>
<arg>${add_product}</arg>
</arguments>
<msg timestamp="20210121 12:29:59.241" level="INFO">Clicking element 'css:.document-remark &gt; a'.</msg>
<status status="PASS" starttime="20210121 12:29:59.240" endtime="20210121 12:29:59.340"></status>
</kw>
<status status="PASS" starttime="20210121 12:29:59.240" endtime="20210121 12:29:59.340"></status>
</kw>
<kw name="${i} = 1" type="foritem">
<kw name="Click Element" library="Selenium2Library">
<doc>Click the element identified by ``locator``.</doc>
<arguments>
<arg>${add_product}</arg>
</arguments>
<msg timestamp="20210121 12:29:59.340" level="INFO">Clicking element 'css:.document-remark &gt; a'.</msg>
<status status="PASS" starttime="20210121 12:29:59.340" endtime="20210121 12:29:59.430"></status>
</kw>
<status status="PASS" starttime="20210121 12:29:59.340" endtime="20210121 12:29:59.430"></status>
</kw>
<kw name="${i} = 2" type="foritem">
<kw name="Click Element" library="Selenium2Library">
<doc>Click the element identified by ``locator``.</doc>
<arguments>
<arg>${add_product}</arg>
</arguments>
<msg timestamp="20210121 12:29:59.431" level="INFO">Clicking element 'css:.document-remark &gt; a'.</msg>
<status status="PASS" starttime="20210121 12:29:59.430" endtime="20210121 12:29:59.523"></status>
</kw>
<status status="PASS" starttime="20210121 12:29:59.430" endtime="20210121 12:29:59.523"></status>
</kw>
<kw name="${i} = 3" type="foritem">
<kw name="Click Element" library="Selenium2Library">
<doc>Click the element identified by ``locator``.</doc>
<arguments>
<arg>${add_product}</arg>
</arguments>
<msg timestamp="20210121 12:29:59.523" level="INFO">Clicking element 'css:.document-remark &gt; a'.</msg>
<status status="PASS" starttime="20210121 12:29:59.523" endtime="20210121 12:29:59.618"></status>
</kw>
<status status="PASS" starttime="20210121 12:29:59.523" endtime="20210121 12:29:59.618"></status>
</kw>
<kw name="${i} = 4" type="foritem">
<kw name="Click Element" library="Selenium2Library">
<doc>Click the element identified by ``locator``.</doc>
<arguments>
<arg>${add_product}</arg>
</arguments>
<msg timestamp="20210121 12:29:59.619" level="INFO">Clicking element 'css:.document-remark &gt; a'.</msg>
<status status="PASS" starttime="20210121 12:29:59.619" endtime="20210121 12:29:59.740"></status>
</kw>
<status status="PASS" starttime="20210121 12:29:59.619" endtime="20210121 12:29:59.740"></status>
</kw>
<kw name="${i} = 5" type="foritem">
<kw name="Click Element" library="Selenium2Library">
<doc>Click the element identified by ``locator``.</doc>
<arguments>
<arg>${add_product}</arg>
</arguments>
<msg timestamp="20210121 12:29:59.741" level="INFO">Clicking element 'css:.document-remark &gt; a'.</msg>
<status status="PASS" starttime="20210121 12:29:59.740" endtime="20210121 12:29:59.846"></status>
</kw>
<status status="PASS" starttime="20210121 12:29:59.740" endtime="20210121 12:29:59.846"></status>
</kw>
<kw name="${i} = 6" type="foritem">
<kw name="Click Element" library="Selenium2Library">
<doc>Click the element identified by ``locator``.</doc>
<arguments>
<arg>${add_product}</arg>
</arguments>
<msg timestamp="20210121 12:29:59.846" level="INFO">Clicking element 'css:.document-remark &gt; a'.</msg>
<status status="PASS" starttime="20210121 12:29:59.846" endtime="20210121 12:29:59.939"></status>
</kw>
<status status="PASS" starttime="20210121 12:29:59.846" endtime="20210121 12:29:59.939"></status>
</kw>
<kw name="${i} = 7" type="foritem">
<kw name="Click Element" library="Selenium2Library">
<doc>Click the element identified by ``locator``.</doc>
<arguments>
<arg>${add_product}</arg>
</arguments>
<msg timestamp="20210121 12:29:59.940" level="INFO">Clicking element 'css:.document-remark &gt; a'.</msg>
<status status="PASS" starttime="20210121 12:29:59.939" endtime="20210121 12:30:00.037"></status>
</kw>
<status status="PASS" starttime="20210121 12:29:59.939" endtime="20210121 12:30:00.037"></status>
</kw>
<kw name="${i} = 8" type="foritem">
<kw name="Click Element" library="Selenium2Library">
<doc>Click the element identified by ``locator``.</doc>
<arguments>
<arg>${add_product}</arg>
</arguments>
<msg timestamp="20210121 12:30:00.038" level="INFO">Clicking element 'css:.document-remark &gt; a'.</msg>
<status status="PASS" starttime="20210121 12:30:00.038" endtime="20210121 12:30:00.163"></status>
</kw>
<status status="PASS" starttime="20210121 12:30:00.038" endtime="20210121 12:30:00.163"></status>
</kw>
<kw name="${i} = 9" type="foritem">
<kw name="Click Element" library="Selenium2Library">
<doc>Click the element identified by ``locator``.</doc>
<arguments>
<arg>${add_product}</arg>
</arguments>
<msg timestamp="20210121 12:30:00.163" level="INFO">Clicking element 'css:.document-remark &gt; a'.</msg>
<status status="PASS" starttime="20210121 12:30:00.163" endtime="20210121 12:30:00.278"></status>
</kw>
<status status="PASS" starttime="20210121 12:30:00.163" endtime="20210121 12:30:00.278"></status>
</kw>
<kw name="${i} = 10" type="foritem">
<kw name="Click Element" library="Selenium2Library">
<doc>Click the element identified by ``locator``.</doc>
<arguments>
<arg>${add_product}</arg>
</arguments>
<msg timestamp="20210121 12:30:00.279" level="INFO">Clicking element 'css:.document-remark &gt; a'.</msg>
<status status="PASS" starttime="20210121 12:30:00.279" endtime="20210121 12:30:00.375"></status>
</kw>
<status status="PASS" starttime="20210121 12:30:00.278" endtime="20210121 12:30:00.375"></status>
</kw>
<kw name="${i} = 11" type="foritem">
<kw name="Click Element" library="Selenium2Library">
<doc>Click the element identified by ``locator``.</doc>
<arguments>
<arg>${add_product}</arg>
</arguments>
<msg timestamp="20210121 12:30:00.376" level="INFO">Clicking element 'css:.document-remark &gt; a'.</msg>
<status status="PASS" starttime="20210121 12:30:00.376" endtime="20210121 12:30:00.477"></status>
</kw>
<status status="PASS" starttime="20210121 12:30:00.376" endtime="20210121 12:30:00.477"></status>
</kw>
<kw name="${i} = 12" type="foritem">
<kw name="Click Element" library="Selenium2Library">
<doc>Click the element identified by ``locator``.</doc>
<arguments>
<arg>${add_product}</arg>
</arguments>
<msg timestamp="20210121 12:30:00.478" level="INFO">Clicking element 'css:.document-remark &gt; a'.</msg>
<status status="PASS" starttime="20210121 12:30:00.478" endtime="20210121 12:30:00.580"></status>
</kw>
<status status="PASS" starttime="20210121 12:30:00.477" endtime="20210121 12:30:00.580"></status>
</kw>
<kw name="${i} = 13" type="foritem">
<kw name="Click Element" library="Selenium2Library">
<doc>Click the element identified by ``locator``.</doc>
<arguments>
<arg>${add_product}</arg>
</arguments>
<msg timestamp="20210121 12:30:00.581" level="INFO">Clicking element 'css:.document-remark &gt; a'.</msg>
<status status="PASS" starttime="20210121 12:30:00.581" endtime="20210121 12:30:00.694"></status>
</kw>
<status status="PASS" starttime="20210121 12:30:00.581" endtime="20210121 12:30:00.694"></status>
</kw>
<kw name="${i} = 14" type="foritem">
<kw name="Click Element" library="Selenium2Library">
<doc>Click the element identified by ``locator``.</doc>
<arguments>
<arg>${add_product}</arg>
</arguments>
<msg timestamp="20210121 12:30:00.695" level="INFO">Clicking element 'css:.document-remark &gt; a'.</msg>
<status status="PASS" starttime="20210121 12:30:00.694" endtime="20210121 12:30:00.808"></status>
</kw>
<status status="PASS" starttime="20210121 12:30:00.694" endtime="20210121 12:30:00.808"></status>
</kw>
<kw name="${i} = 15" type="foritem">
<kw name="Click Element" library="Selenium2Library">
<doc>Click the element identified by ``locator``.</doc>
<arguments>
<arg>${add_product}</arg>
</arguments>
<msg timestamp="20210121 12:30:00.808" level="INFO">Clicking element 'css:.document-remark &gt; a'.</msg>
<status status="PASS" starttime="20210121 12:30:00.808" endtime="20210121 12:30:00.936"></status>
</kw>
<status status="PASS" starttime="20210121 12:30:00.808" endtime="20210121 12:30:00.937"></status>
</kw>
<kw name="${i} = 16" type="foritem">
<kw name="Click Element" library="Selenium2Library">
<doc>Click the element identified by ``locator``.</doc>
<arguments>
<arg>${add_product}</arg>
</arguments>
<msg timestamp="20210121 12:30:00.938" level="INFO">Clicking element 'css:.document-remark &gt; a'.</msg>
<status status="PASS" starttime="20210121 12:30:00.938" endtime="20210121 12:30:01.050"></status>
</kw>
<status status="PASS" starttime="20210121 12:30:00.937" endtime="20210121 12:30:01.050"></status>
</kw>
<kw name="${i} = 17" type="foritem">
<kw name="Click Element" library="Selenium2Library">
<doc>Click the element identified by ``locator``.</doc>
<arguments>
<arg>${add_product}</arg>
</arguments>
<msg timestamp="20210121 12:30:01.052" level="INFO">Clicking element 'css:.document-remark &gt; a'.</msg>
<status status="PASS" starttime="20210121 12:30:01.051" endtime="20210121 12:30:01.159"></status>
</kw>
<status status="PASS" starttime="20210121 12:30:01.050" endtime="20210121 12:30:01.159"></status>
</kw>
<kw name="${i} = 18" type="foritem">
<kw name="Click Element" library="Selenium2Library">
<doc>Click the element identified by ``locator``.</doc>
<arguments>
<arg>${add_product}</arg>
</arguments>
<msg timestamp="20210121 12:30:01.160" level="INFO">Clicking element 'css:.document-remark &gt; a'.</msg>
<status status="PASS" starttime="20210121 12:30:01.160" endtime="20210121 12:30:01.304"></status>
</kw>
<status status="PASS" starttime="20210121 12:30:01.159" endtime="20210121 12:30:01.304"></status>
</kw>
<status status="PASS" starttime="20210121 12:29:59.240" endtime="20210121 12:30:01.304"></status>
</kw>
<status status="PASS" starttime="20210121 12:29:59.240" endtime="20210121 12:30:01.305"></status>
</kw>
<kw name="เลือกรายการสินค้า" library="TestCase_create_qt">
<kw name="${i} IN RANGE [ 12 ]" type="for">
<kw name="${i} = 0" type="foritem">
<kw name="Log" library="BuiltIn">
<doc>Logs the given message with the given level.</doc>
<arguments>
<arg>${i}</arg>
</arguments>
<msg timestamp="20210121 12:30:01.305" level="INFO">0</msg>
<status status="PASS" starttime="20210121 12:30:01.305" endtime="20210121 12:30:01.305"></status>
</kw>
<kw name="Input Text" library="Selenium2Library">
<doc>Types the given ``text`` into the text field identified by ``locator``.</doc>
<arguments>
<arg>css:.item${i} td:nth-child(3) .tt-input</arg>
<arg>${product_code[${i}]}</arg>
</arguments>
<msg timestamp="20210121 12:30:01.307" level="INFO">Typing text 'S001' into text field 'css:.item0 td:nth-child(3) .tt-input'.</msg>
<status status="PASS" starttime="20210121 12:30:01.306" endtime="20210121 12:30:01.584"></status>
</kw>
<kw name="Click Element" library="Selenium2Library">
<doc>Click the element identified by ``locator``.</doc>
<arguments>
<arg>css:.item${i} td:nth-child(3) .tt-dataset &gt; div &gt; div:nth-child(1)</arg>
</arguments>
<msg timestamp="20210121 12:30:01.587" level="INFO">Clicking element 'css:.item0 td:nth-child(3) .tt-dataset &gt; div &gt; div:nth-child(1)'.</msg>
<status status="PASS" starttime="20210121 12:30:01.584" endtime="20210121 12:30:02.202"></status>
</kw>
<status status="PASS" starttime="20210121 12:30:01.305" endtime="20210121 12:30:02.202"></status>
</kw>
<kw name="${i} = 1" type="foritem">
<kw name="Log" library="BuiltIn">
<doc>Logs the given message with the given level.</doc>
<arguments>
<arg>${i}</arg>
</arguments>
<msg timestamp="20210121 12:30:02.203" level="INFO">1</msg>
<status status="PASS" starttime="20210121 12:30:02.202" endtime="20210121 12:30:02.203"></status>
</kw>
<kw name="Input Text" library="Selenium2Library">
<doc>Types the given ``text`` into the text field identified by ``locator``.</doc>
<arguments>
<arg>css:.item${i} td:nth-child(3) .tt-input</arg>
<arg>${product_code[${i}]}</arg>
</arguments>
<msg timestamp="20210121 12:30:02.203" level="INFO">Typing text 'S002' into text field 'css:.item1 td:nth-child(3) .tt-input'.</msg>
<status status="PASS" starttime="20210121 12:30:02.203" endtime="20210121 12:30:02.435"></status>
</kw>
<kw name="Click Element" library="Selenium2Library">
<doc>Click the element identified by ``locator``.</doc>
<arguments>
<arg>css:.item${i} td:nth-child(3) .tt-dataset &gt; div &gt; div:nth-child(1)</arg>
</arguments>
<msg timestamp="20210121 12:30:02.436" level="INFO">Clicking element 'css:.item1 td:nth-child(3) .tt-dataset &gt; div &gt; div:nth-child(1)'.</msg>
<status status="PASS" starttime="20210121 12:30:02.436" endtime="20210121 12:30:03.719"></status>
</kw>
<status status="PASS" starttime="20210121 12:30:02.202" endtime="20210121 12:30:03.719"></status>
</kw>
<kw name="${i} = 2" type="foritem">
<kw name="Log" library="BuiltIn">
<doc>Logs the given message with the given level.</doc>
<arguments>
<arg>${i}</arg>
</arguments>
<msg timestamp="20210121 12:30:03.720" level="INFO">2</msg>
<status status="PASS" starttime="20210121 12:30:03.719" endtime="20210121 12:30:03.720"></status>
</kw>
<kw name="Input Text" library="Selenium2Library">
<doc>Types the given ``text`` into the text field identified by ``locator``.</doc>
<arguments>
<arg>css:.item${i} td:nth-child(3) .tt-input</arg>
<arg>${product_code[${i}]}</arg>
</arguments>
<msg timestamp="20210121 12:30:03.721" level="INFO">Typing text 'S003' into text field 'css:.item2 td:nth-child(3) .tt-input'.</msg>
<status status="PASS" starttime="20210121 12:30:03.720" endtime="20210121 12:30:03.918"></status>
</kw>
<kw name="Click Element" library="Selenium2Library">
<doc>Click the element identified by ``locator``.</doc>
<arguments>
<arg>css:.item${i} td:nth-child(3) .tt-dataset &gt; div &gt; div:nth-child(1)</arg>
</arguments>
<msg timestamp="20210121 12:30:03.918" level="INFO">Clicking element 'css:.item2 td:nth-child(3) .tt-dataset &gt; div &gt; div:nth-child(1)'.</msg>
<status status="PASS" starttime="20210121 12:30:03.918" endtime="20210121 12:30:04.831"></status>
</kw>
<status status="PASS" starttime="20210121 12:30:03.719" endtime="20210121 12:30:04.831"></status>
</kw>
<kw name="${i} = 3" type="foritem">
<kw name="Log" library="BuiltIn">
<doc>Logs the given message with the given level.</doc>
<arguments>
<arg>${i}</arg>
</arguments>
<msg timestamp="20210121 12:30:04.831" level="INFO">3</msg>
<status status="PASS" starttime="20210121 12:30:04.831" endtime="20210121 12:30:04.831"></status>
</kw>
<kw name="Input Text" library="Selenium2Library">
<doc>Types the given ``text`` into the text field identified by ``locator``.</doc>
<arguments>
<arg>css:.item${i} td:nth-child(3) .tt-input</arg>
<arg>${product_code[${i}]}</arg>
</arguments>
<msg timestamp="20210121 12:30:04.832" level="INFO">Typing text 'S004' into text field 'css:.item3 td:nth-child(3) .tt-input'.</msg>
<status status="PASS" starttime="20210121 12:30:04.831" endtime="20210121 12:30:05.047"></status>
</kw>
<kw name="Click Element" library="Selenium2Library">
<doc>Click the element identified by ``locator``.</doc>
<arguments>
<arg>css:.item${i} td:nth-child(3) .tt-dataset &gt; div &gt; div:nth-child(1)</arg>
</arguments>
<msg timestamp="20210121 12:30:05.047" level="INFO">Clicking element 'css:.item3 td:nth-child(3) .tt-dataset &gt; div &gt; div:nth-child(1)'.</msg>
<status status="PASS" starttime="20210121 12:30:05.047" endtime="20210121 12:30:05.638"></status>
</kw>
<status status="PASS" starttime="20210121 12:30:04.831" endtime="20210121 12:30:05.638"></status>
</kw>
<kw name="${i} = 4" type="foritem">
<kw name="Log" library="BuiltIn">
<doc>Logs the given message with the given level.</doc>
<arguments>
<arg>${i}</arg>
</arguments>
<msg timestamp="20210121 12:30:05.639" level="INFO">4</msg>
<status status="PASS" starttime="20210121 12:30:05.638" endtime="20210121 12:30:05.639"></status>
</kw>
<kw name="Input Text" library="Selenium2Library">
<doc>Types the given ``text`` into the text field identified by ``locator``.</doc>
<arguments>
<arg>css:.item${i} td:nth-child(3) .tt-input</arg>
<arg>${product_code[${i}]}</arg>
</arguments>
<msg timestamp="20210121 12:30:05.639" level="INFO">Typing text 'N001' into text field 'css:.item4 td:nth-child(3) .tt-input'.</msg>
<status status="PASS" starttime="20210121 12:30:05.639" endtime="20210121 12:30:05.820"></status>
</kw>
<kw name="Click Element" library="Selenium2Library">
<doc>Click the element identified by ``locator``.</doc>
<arguments>
<arg>css:.item${i} td:nth-child(3) .tt-dataset &gt; div &gt; div:nth-child(1)</arg>
</arguments>
<msg timestamp="20210121 12:30:05.820" level="INFO">Clicking element 'css:.item4 td:nth-child(3) .tt-dataset &gt; div &gt; div:nth-child(1)'.</msg>
<status status="PASS" starttime="20210121 12:30:05.820" endtime="20210121 12:30:06.404"></status>
</kw>
<status status="PASS" starttime="20210121 12:30:05.638" endtime="20210121 12:30:06.404"></status>
</kw>
<kw name="${i} = 5" type="foritem">
<kw name="Log" library="BuiltIn">
<doc>Logs the given message with the given level.</doc>
<arguments>
<arg>${i}</arg>
</arguments>
<msg timestamp="20210121 12:30:06.405" level="INFO">5</msg>
<status status="PASS" starttime="20210121 12:30:06.405" endtime="20210121 12:30:06.405"></status>
</kw>
<kw name="Input Text" library="Selenium2Library">
<doc>Types the given ``text`` into the text field identified by ``locator``.</doc>
<arguments>
<arg>css:.item${i} td:nth-child(3) .tt-input</arg>
<arg>${product_code[${i}]}</arg>
</arguments>
<msg timestamp="20210121 12:30:06.405" level="INFO">Typing text 'N002' into text field 'css:.item5 td:nth-child(3) .tt-input'.</msg>
<status status="PASS" starttime="20210121 12:30:06.405" endtime="20210121 12:30:06.657"></status>
</kw>
<kw name="Click Element" library="Selenium2Library">
<doc>Click the element identified by ``locator``.</doc>
<arguments>
<arg>css:.item${i} td:nth-child(3) .tt-dataset &gt; div &gt; div:nth-child(1)</arg>
</arguments>
<msg timestamp="20210121 12:30:06.657" level="INFO">Clicking element 'css:.item5 td:nth-child(3) .tt-dataset &gt; div &gt; div:nth-child(1)'.</msg>
<status status="PASS" starttime="20210121 12:30:06.657" endtime="20210121 12:30:07.275"></status>
</kw>
<status status="PASS" starttime="20210121 12:30:06.404" endtime="20210121 12:30:07.275"></status>
</kw>
<kw name="${i} = 6" type="foritem">
<kw name="Log" library="BuiltIn">
<doc>Logs the given message with the given level.</doc>
<arguments>
<arg>${i}</arg>
</arguments>
<msg timestamp="20210121 12:30:07.276" level="INFO">6</msg>
<status status="PASS" starttime="20210121 12:30:07.276" endtime="20210121 12:30:07.276"></status>
</kw>
<kw name="Input Text" library="Selenium2Library">
<doc>Types the given ``text`` into the text field identified by ``locator``.</doc>
<arguments>
<arg>css:.item${i} td:nth-child(3) .tt-input</arg>
<arg>${product_code[${i}]}</arg>
</arguments>
<msg timestamp="20210121 12:30:07.276" level="INFO">Typing text 'N003' into text field 'css:.item6 td:nth-child(3) .tt-input'.</msg>
<status status="PASS" starttime="20210121 12:30:07.276" endtime="20210121 12:30:07.491"></status>
</kw>
<kw name="Click Element" library="Selenium2Library">
<doc>Click the element identified by ``locator``.</doc>
<arguments>
<arg>css:.item${i} td:nth-child(3) .tt-dataset &gt; div &gt; div:nth-child(1)</arg>
</arguments>
<msg timestamp="20210121 12:30:07.491" level="INFO">Clicking element 'css:.item6 td:nth-child(3) .tt-dataset &gt; div &gt; div:nth-child(1)'.</msg>
<status status="PASS" starttime="20210121 12:30:07.491" endtime="20210121 12:30:08.076"></status>
</kw>
<status status="PASS" starttime="20210121 12:30:07.275" endtime="20210121 12:30:08.076"></status>
</kw>
<kw name="${i} = 7" type="foritem">
<kw name="Log" library="BuiltIn">
<doc>Logs the given message with the given level.</doc>
<arguments>
<arg>${i}</arg>
</arguments>
<msg timestamp="20210121 12:30:08.076" level="INFO">7</msg>
<status status="PASS" starttime="20210121 12:30:08.076" endtime="20210121 12:30:08.077"></status>
</kw>
<kw name="Input Text" library="Selenium2Library">
<doc>Types the given ``text`` into the text field identified by ``locator``.</doc>
<arguments>
<arg>css:.item${i} td:nth-child(3) .tt-input</arg>
<arg>${product_code[${i}]}</arg>
</arguments>
<msg timestamp="20210121 12:30:08.077" level="INFO">Typing text 'N004' into text field 'css:.item7 td:nth-child(3) .tt-input'.</msg>
<status status="PASS" starttime="20210121 12:30:08.077" endtime="20210121 12:30:08.309"></status>
</kw>
<kw name="Click Element" library="Selenium2Library">
<doc>Click the element identified by ``locator``.</doc>
<arguments>
<arg>css:.item${i} td:nth-child(3) .tt-dataset &gt; div &gt; div:nth-child(1)</arg>
</arguments>
<msg timestamp="20210121 12:30:08.310" level="INFO">Clicking element 'css:.item7 td:nth-child(3) .tt-dataset &gt; div &gt; div:nth-child(1)'.</msg>
<status status="PASS" starttime="20210121 12:30:08.310" endtime="20210121 12:30:09.030"></status>
</kw>
<status status="PASS" starttime="20210121 12:30:08.076" endtime="20210121 12:30:09.030"></status>
</kw>
<kw name="${i} = 8" type="foritem">
<kw name="Log" library="BuiltIn">
<doc>Logs the given message with the given level.</doc>
<arguments>
<arg>${i}</arg>
</arguments>
<msg timestamp="20210121 12:30:09.031" level="INFO">8</msg>
<status status="PASS" starttime="20210121 12:30:09.030" endtime="20210121 12:30:09.031"></status>
</kw>
<kw name="Input Text" library="Selenium2Library">
<doc>Types the given ``text`` into the text field identified by ``locator``.</doc>
<arguments>
<arg>css:.item${i} td:nth-child(3) .tt-input</arg>
<arg>${product_code[${i}]}</arg>
</arguments>
<msg timestamp="20210121 12:30:09.032" level="INFO">Typing text 'V001' into text field 'css:.item8 td:nth-child(3) .tt-input'.</msg>
<status status="PASS" starttime="20210121 12:30:09.031" endtime="20210121 12:30:09.245"></status>
</kw>
<kw name="Click Element" library="Selenium2Library">
<doc>Click the element identified by ``locator``.</doc>
<arguments>
<arg>css:.item${i} td:nth-child(3) .tt-dataset &gt; div &gt; div:nth-child(1)</arg>
</arguments>
<msg timestamp="20210121 12:30:09.246" level="INFO">Clicking element 'css:.item8 td:nth-child(3) .tt-dataset &gt; div &gt; div:nth-child(1)'.</msg>
<status status="PASS" starttime="20210121 12:30:09.246" endtime="20210121 12:30:09.857"></status>
</kw>
<status status="PASS" starttime="20210121 12:30:09.030" endtime="20210121 12:30:09.857"></status>
</kw>
<kw name="${i} = 9" type="foritem">
<kw name="Log" library="BuiltIn">
<doc>Logs the given message with the given level.</doc>
<arguments>
<arg>${i}</arg>
</arguments>
<msg timestamp="20210121 12:30:09.857" level="INFO">9</msg>
<status status="PASS" starttime="20210121 12:30:09.857" endtime="20210121 12:30:09.857"></status>
</kw>
<kw name="Input Text" library="Selenium2Library">
<doc>Types the given ``text`` into the text field identified by ``locator``.</doc>
<arguments>
<arg>css:.item${i} td:nth-child(3) .tt-input</arg>
<arg>${product_code[${i}]}</arg>
</arguments>
<msg timestamp="20210121 12:30:09.857" level="INFO">Typing text 'V002' into text field 'css:.item9 td:nth-child(3) .tt-input'.</msg>
<status status="PASS" starttime="20210121 12:30:09.857" endtime="20210121 12:30:10.056"></status>
</kw>
<kw name="Click Element" library="Selenium2Library">
<doc>Click the element identified by ``locator``.</doc>
<arguments>
<arg>css:.item${i} td:nth-child(3) .tt-dataset &gt; div &gt; div:nth-child(1)</arg>
</arguments>
<msg timestamp="20210121 12:30:10.056" level="INFO">Clicking element 'css:.item9 td:nth-child(3) .tt-dataset &gt; div &gt; div:nth-child(1)'.</msg>
<status status="PASS" starttime="20210121 12:30:10.056" endtime="20210121 12:30:10.675"></status>
</kw>
<status status="PASS" starttime="20210121 12:30:09.857" endtime="20210121 12:30:10.675"></status>
</kw>
<kw name="${i} = 10" type="foritem">
<kw name="Log" library="BuiltIn">
<doc>Logs the given message with the given level.</doc>
<arguments>
<arg>${i}</arg>
</arguments>
<msg timestamp="20210121 12:30:10.675" level="INFO">10</msg>
<status status="PASS" starttime="20210121 12:30:10.675" endtime="20210121 12:30:10.675"></status>
</kw>
<kw name="Input Text" library="Selenium2Library">
<doc>Types the given ``text`` into the text field identified by ``locator``.</doc>
<arguments>
<arg>css:.item${i} td:nth-child(3) .tt-input</arg>
<arg>${product_code[${i}]}</arg>
</arguments>
<msg timestamp="20210121 12:30:10.676" level="INFO">Typing text 'V003' into text field 'css:.item10 td:nth-child(3) .tt-input'.</msg>
<status status="PASS" starttime="20210121 12:30:10.676" endtime="20210121 12:30:10.882"></status>
</kw>
<kw name="Click Element" library="Selenium2Library">
<doc>Click the element identified by ``locator``.</doc>
<arguments>
<arg>css:.item${i} td:nth-child(3) .tt-dataset &gt; div &gt; div:nth-child(1)</arg>
</arguments>
<msg timestamp="20210121 12:30:10.883" level="INFO">Clicking element 'css:.item10 td:nth-child(3) .tt-dataset &gt; div &gt; div:nth-child(1)'.</msg>
<status status="PASS" starttime="20210121 12:30:10.882" endtime="20210121 12:30:11.475"></status>
</kw>
<status status="PASS" starttime="20210121 12:30:10.675" endtime="20210121 12:30:11.475"></status>
</kw>
<kw name="${i} = 11" type="foritem">
<kw name="Log" library="BuiltIn">
<doc>Logs the given message with the given level.</doc>
<arguments>
<arg>${i}</arg>
</arguments>
<msg timestamp="20210121 12:30:11.475" level="INFO">11</msg>
<status status="PASS" starttime="20210121 12:30:11.475" endtime="20210121 12:30:11.475"></status>
</kw>
<kw name="Input Text" library="Selenium2Library">
<doc>Types the given ``text`` into the text field identified by ``locator``.</doc>
<arguments>
<arg>css:.item${i} td:nth-child(3) .tt-input</arg>
<arg>${product_code[${i}]}</arg>
</arguments>
<msg timestamp="20210121 12:30:11.476" level="INFO">Typing text 'V004' into text field 'css:.item11 td:nth-child(3) .tt-input'.</msg>
<status status="PASS" starttime="20210121 12:30:11.475" endtime="20210121 12:30:11.672"></status>
</kw>
<kw name="Click Element" library="Selenium2Library">
<doc>Click the element identified by ``locator``.</doc>
<arguments>
<arg>css:.item${i} td:nth-child(3) .tt-dataset &gt; div &gt; div:nth-child(1)</arg>
</arguments>
<msg timestamp="20210121 12:30:11.672" level="INFO">Clicking element 'css:.item11 td:nth-child(3) .tt-dataset &gt; div &gt; div:nth-child(1)'.</msg>
<status status="PASS" starttime="20210121 12:30:11.672" endtime="20210121 12:30:12.263"></status>
</kw>
<status status="PASS" starttime="20210121 12:30:11.475" endtime="20210121 12:30:12.263"></status>
</kw>
<status status="PASS" starttime="20210121 12:30:01.305" endtime="20210121 12:30:12.263"></status>
</kw>
<status status="PASS" starttime="20210121 12:30:01.305" endtime="20210121 12:30:12.263"></status>
</kw>
<kw name="ตรวจสอบยอดรวมเอกสาร" library="TestCase_create_qt">
<kw name="Get Text" library="Selenium2Library">
<doc>Returns the text value of the element identified by ``locator``.</doc>
<arguments>
<arg>css:.total-value</arg>
</arguments>
<assign>
<var>${value_top}</var>
</assign>
<msg timestamp="20210121 12:30:12.285" level="INFO">${value_top} = 12,210.00</msg>
<status status="PASS" starttime="20210121 12:30:12.264" endtime="20210121 12:30:12.285"></status>
</kw>
<kw name="Get Text" library="Selenium2Library">
<doc>Returns the text value of the element identified by ``locator``.</doc>
<arguments>
<arg>${case5_value}</arg>
</arguments>
<assign>
<var>${value_buttom}</var>
</assign>
<msg timestamp="20210121 12:30:12.305" level="INFO">${value_buttom} = 12,210.00</msg>
<status status="PASS" starttime="20210121 12:30:12.285" endtime="20210121 12:30:12.305"></status>
</kw>
<kw name="Should Be Equal" library="BuiltIn">
<doc>Fails if the given objects are unequal.</doc>
<arguments>
<arg>${value_top}</arg>
<arg>${summary_qt}</arg>
</arguments>
<status status="PASS" starttime="20210121 12:30:12.305" endtime="20210121 12:30:12.306"></status>
</kw>
<kw name="Should Be Equal" library="BuiltIn">
<doc>Fails if the given objects are unequal.</doc>
<arguments>
<arg>${value_buttom}</arg>
<arg>${summary_qt}</arg>
</arguments>
<status status="PASS" starttime="20210121 12:30:12.306" endtime="20210121 12:30:12.307"></status>
</kw>
<status status="PASS" starttime="20210121 12:30:12.264" endtime="20210121 12:30:12.307"></status>
</kw>
<kw name="บันทึกเอกสาร" library="TestCase_create_qt">
<kw name="Click Element" library="Selenium2Library">
<doc>Click the element identified by ``locator``.</doc>
<arguments>
<arg>${save_document}</arg>
</arguments>
<msg timestamp="20210121 12:30:12.308" level="INFO">Clicking element 'css:#documentHeader .approved-btn button:nth-child(1)'.</msg>
<status status="PASS" starttime="20210121 12:30:12.308" endtime="20210121 12:30:12.434"></status>
</kw>
<kw name="Wait Until Element Is Visible" library="Selenium2Library">
<doc>Waits until the element ``locator`` is visible.</doc>
<arguments>
<arg>${toast_success}</arg>
</arguments>
<status status="PASS" starttime="20210121 12:30:12.434" endtime="20210121 12:30:13.499"></status>
</kw>
<kw name="Wait Until Page Contains" library="Selenium2Library">
<doc>Waits until ``text`` appears on the current page.</doc>
<arguments>
<arg>${text_save_sucess}</arg>
</arguments>
<status status="PASS" starttime="20210121 12:30:13.499" endtime="20210121 12:30:13.557"></status>
</kw>
<kw name="Click Element" library="Selenium2Library">
<doc>Click the element identified by ``locator``.</doc>
<arguments>
<arg>${close_document}</arg>
</arguments>
<msg timestamp="20210121 12:30:13.559" level="INFO">Clicking element 'css:#documentHeader .cancel-btn'.</msg>
<status status="PASS" starttime="20210121 12:30:13.559" endtime="20210121 12:30:13.841"></status>
</kw>
<status status="PASS" starttime="20210121 12:30:12.307" endtime="20210121 12:30:13.842"></status>
</kw>
<status status="PASS" starttime="20210121 12:29:56.738" endtime="20210121 12:30:13.843" critical="yes"></status>
</test>
<status status="PASS" starttime="20210121 12:29:29.760" endtime="20210121 12:30:13.854"></status>
</suite>
<statistics>
<total>
<stat pass="2" fail="0">Critical Tests</stat>
<stat pass="2" fail="0">All Tests</stat>
</total>
<tag>
</tag>
<suite>
<stat pass="2" fail="0" id="s1" name="Run">Run</stat>
</suite>
</statistics>
<errors>
</errors>
</robot>
