<?xml version="1.0" encoding="UTF-8"?>
<robot generator="Robot 3.2.2 (Python 3.7.4 on win32)" generated="20210121 18:35:48.489" rpa="false">
<suite id="s1" name="Run" source="C:\Users\findb\OneDrive\Desktop\GitHub\Robotframework\Robot\run.robot">
<test id="s1-t1" name="Login FlowAccount.com">
<kw name="เปิดเว็บ flowaccount.com" library="TestCase_Login">
<kw name="Open Browser" library="Selenium2Library">
<doc>Opens a new browser instance to the optional ``url``.</doc>
<arguments>
<arg>${url}</arg>
<arg>${browser}</arg>
</arguments>
<msg timestamp="20210121 18:35:48.623" level="INFO">Opening browser 'chrome' to base url 'https://flowaccount.com'.</msg>
<status status="PASS" starttime="20210121 18:35:48.623" endtime="20210121 18:35:52.839"></status>
</kw>
<kw name="Maximize Browser Window" library="Selenium2Library">
<doc>Maximizes current browser window.</doc>
<status status="PASS" starttime="20210121 18:35:52.839" endtime="20210121 18:35:55.010"></status>
</kw>
<status status="PASS" starttime="20210121 18:35:48.623" endtime="20210121 18:35:55.010"></status>
</kw>
<kw name="เข้าหน้า Auth Login FlowAccount" library="TestCase_Login">
<kw name="Click Element" library="Selenium2Library">
<doc>Click the element identified by ``locator``.</doc>
<arguments>
<arg>class:app-border-btn</arg>
</arguments>
<msg timestamp="20210121 18:35:55.012" level="INFO">Clicking element 'class:app-border-btn'.</msg>
<status status="PASS" starttime="20210121 18:35:55.012" endtime="20210121 18:35:56.082"></status>
</kw>
<status status="PASS" starttime="20210121 18:35:55.011" endtime="20210121 18:35:56.083"></status>
</kw>
<kw name="เข้าใช้งาน FlowAccount" library="TestCase_Login">
<kw name="Input Text" library="Selenium2Library">
<doc>Types the given ``text`` into the text field identified by ``locator``.</doc>
<arguments>
<arg>id:Email</arg>
<arg>${email}</arg>
</arguments>
<msg timestamp="20210121 18:35:56.085" level="INFO">Typing text 'goodnight@flowaccount.com' into text field 'id:Email'.</msg>
<status status="PASS" starttime="20210121 18:35:56.084" endtime="20210121 18:35:56.170"></status>
</kw>
<kw name="Input Text" library="Selenium2Library">
<doc>Types the given ``text`` into the text field identified by ``locator``.</doc>
<arguments>
<arg>id:Password</arg>
<arg>${password}</arg>
</arguments>
<msg timestamp="20210121 18:35:56.170" level="INFO">Typing text '1q1q1q1q@' into text field 'id:Password'.</msg>
<status status="PASS" starttime="20210121 18:35:56.170" endtime="20210121 18:35:56.256"></status>
</kw>
<kw name="Click Element" library="Selenium2Library">
<doc>Click the element identified by ``locator``.</doc>
<arguments>
<arg>class:login-lbl</arg>
</arguments>
<msg timestamp="20210121 18:35:56.257" level="INFO">Clicking element 'class:login-lbl'.</msg>
<status status="PASS" starttime="20210121 18:35:56.256" endtime="20210121 18:36:05.401"></status>
</kw>
<status status="PASS" starttime="20210121 18:35:56.084" endtime="20210121 18:36:05.401"></status>
</kw>
<kw name="เข้าใช้งาน FlowAccount สำเร็จ" library="TestCase_Login">
<kw name="Wait Until Element Is Visible" library="Selenium2Library">
<doc>Waits until the element ``locator`` is visible.</doc>
<arguments>
<arg>class:panel-heading</arg>
</arguments>
<status status="PASS" starttime="20210121 18:36:05.402" endtime="20210121 18:36:06.865"></status>
</kw>
<kw name="Wait Until Page Contains" library="Selenium2Library">
<doc>Waits until ``text`` appears on the current page.</doc>
<arguments>
<arg>ภาพรวมบริษัท</arg>
</arguments>
<status status="PASS" starttime="20210121 18:36:06.866" endtime="20210121 18:36:06.895"></status>
</kw>
<status status="PASS" starttime="20210121 18:36:05.402" endtime="20210121 18:36:06.896"></status>
</kw>
<status status="PASS" starttime="20210121 18:35:48.622" endtime="20210121 18:36:06.896" critical="yes"></status>
</test>
<test id="s1-t2" name="Duplicate Quotations">
<kw name="เข้าสู่หน้าใบเสนอราคา" library="TestCase_create_qt">
<kw name="Click Element" library="Selenium2Library">
<doc>Click the element identified by ``locator``.</doc>
<arguments>
<arg>${menu_class_qt}</arg>
</arguments>
<msg timestamp="20210121 18:36:06.906" level="INFO">Clicking element 'class:fl-sell'.</msg>
<status status="PASS" starttime="20210121 18:36:06.905" endtime="20210121 18:36:07.491"></status>
</kw>
<kw name="Wait Until Page Contains" library="Selenium2Library">
<doc>Waits until ``text`` appears on the current page.</doc>
<arguments>
<arg>${document_title_qt}</arg>
</arguments>
<status status="PASS" starttime="20210121 18:36:07.491" endtime="20210121 18:36:07.646"></status>
</kw>
<status status="PASS" starttime="20210121 18:36:06.905" endtime="20210121 18:36:07.646"></status>
</kw>
<kw name="สร้างเอกสารซ้ำ" library="TestCase_duplicate_qt">
<kw name="Get Element Count" library="Selenium2Library">
<doc>Returns the number of elements matching ``locator``.</doc>
<arguments>
<arg>css:.datatable-row-wrapper .datatable-row-center</arg>
</arguments>
<assign>
<var>${count}</var>
</assign>
<msg timestamp="20210121 18:36:07.701" level="INFO">${count} = 1</msg>
<status status="PASS" starttime="20210121 18:36:07.647" endtime="20210121 18:36:07.701"></status>
</kw>
<kw name="${i} IN RANGE [ 1 | ${count+1} ]" type="for">
<kw name="${i} = 1" type="foritem">
<kw name="Get Text" library="Selenium2Library">
<doc>Returns the text value of the element identified by ``locator``.</doc>
<arguments>
<arg>css:.datatable-row-wrapper:nth-child(${i}) ${row_serial}</arg>
</arguments>
<assign>
<var>${get_value}</var>
</assign>
<msg timestamp="20210121 18:36:07.730" level="INFO">${get_value} = QT2021010001</msg>
<status status="PASS" starttime="20210121 18:36:07.701" endtime="20210121 18:36:07.730"></status>
</kw>
<kw name="Run Keyword If" library="BuiltIn">
<doc>Runs the given keyword with the given arguments, if ``condition`` is true.</doc>
<arguments>
<arg>'${get_value}'=='QT2021010001'</arg>
<arg>Click Element</arg>
<arg>css:.datatable-row-wrapper:nth-child(${i}) ${more_menu}</arg>
</arguments>
<kw name="Click Element" library="Selenium2Library">
<doc>Click the element identified by ``locator``.</doc>
<arguments>
<arg>css:.datatable-row-wrapper:nth-child(${i}) ${more_menu}</arg>
</arguments>
<msg timestamp="20210121 18:36:07.731" level="INFO">Clicking element 'css:.datatable-row-wrapper:nth-child(1) .datatable-row-center .datatable-body-cell:nth-child(7) .btn-more'.</msg>
<status status="PASS" starttime="20210121 18:36:07.731" endtime="20210121 18:36:08.211"></status>
</kw>
<status status="PASS" starttime="20210121 18:36:07.731" endtime="20210121 18:36:08.211"></status>
</kw>
<status status="PASS" starttime="20210121 18:36:07.701" endtime="20210121 18:36:08.211"></status>
</kw>
<status status="PASS" starttime="20210121 18:36:07.701" endtime="20210121 18:36:08.211"></status>
</kw>
<kw name="Click Element" library="Selenium2Library">
<doc>Click the element identified by ``locator``.</doc>
<arguments>
<arg>${more_menu_duplicate}</arg>
</arguments>
<msg timestamp="20210121 18:36:08.211" level="INFO">Clicking element '//*[text()[contains(.,'สร้างซ้ำ')]]'.</msg>
<status status="PASS" starttime="20210121 18:36:08.211" endtime="20210121 18:36:08.302"></status>
</kw>
<status status="PASS" starttime="20210121 18:36:07.647" endtime="20210121 18:36:08.302"></status>
</kw>
<kw name="ตรวจสอบเอกสารสร้างซ้ำ" library="TestCase_duplicate_qt">
<kw name="Get Text" library="Selenium2Library">
<doc>Returns the text value of the element identified by ``locator``.</doc>
<arguments>
<arg>${serial_number}</arg>
</arguments>
<assign>
<var>${document_serial}</var>
</assign>
<msg timestamp="20210121 18:36:09.205" level="INFO">${document_serial} = QT2021010002</msg>
<status status="PASS" starttime="20210121 18:36:08.304" endtime="20210121 18:36:09.205"></status>
</kw>
<kw name="Should Be Equal" library="BuiltIn">
<doc>Fails if the given objects are unequal.</doc>
<arguments>
<arg>${document_serial}</arg>
<arg>QT2021010002</arg>
</arguments>
<status status="PASS" starttime="20210121 18:36:09.206" endtime="20210121 18:36:09.206"></status>
</kw>
<status status="PASS" starttime="20210121 18:36:08.303" endtime="20210121 18:36:09.206"></status>
</kw>
<status status="PASS" starttime="20210121 18:36:06.903" endtime="20210121 18:36:09.207" critical="yes"></status>
</test>
<status status="PASS" starttime="20210121 18:35:48.491" endtime="20210121 18:36:09.218"></status>
</suite>
<statistics>
<total>
<stat pass="2" fail="0">Critical Tests</stat>
<stat pass="2" fail="0">All Tests</stat>
</total>
<tag>
</tag>
<suite>
<stat pass="2" fail="0" id="s1" name="Run">Run</stat>
</suite>
</statistics>
<errors>
</errors>
</robot>
